{
  "RSpec": {
    "coverage": {
      "C:/Users/Hubert/Desktop/smart-pension/spec/lib/log_parser_spec.rb": {
        "lines": [
          1,
          null,
          1,
          4,
          null,
          1,
          2,
          null,
          1,
          1,
          1,
          null,
          null,
          null,
          null,
          null,
          null,
          null,
          null,
          null,
          null,
          null,
          1,
          null,
          null,
          null,
          1,
          2,
          null,
          1,
          2,
          null,
          null,
          null,
          1,
          1,
          null,
          1,
          2,
          null,
          null,
          null
        ]
      },
      "C:/Users/Hubert/Desktop/smart-pension/lib/log_parser.rb": {
        "lines": [
          1,
          1,
          null,
          1,
          3,
          1,
          null,
          null,
          1,
          null,
          1,
          3,
          5,
          null,
          null,
          1,
          3,
          2,
          null,
          null,
          1,
          1,
          10,
          10,
          null,
          1,
          null,
          null
        ]
      }
    },
    "timestamp": 1611517663
  }
}
